2019-03-20 10:09:05,968 INFO  mydomainsocket.MyAFUNIXServer.main(29) - MyAFUNIXServer Start...
2019-03-20 10:09:05,991 INFO  mydomainsocket.MyAFUNIXServer.main(43) - server: AFUNIXServerSocket[/data/opt/ipc_tmp/ipc_tmp.txt]
2019-03-20 10:09:10,757 INFO  mydomainsocket.MyAFUNIXServer.main(60) - Waiting for connection...
2019-03-20 10:10:41,188 INFO  mydomainsocket.MyAFUNIXServer.main(29) - MyAFUNIXServer Start...
2019-03-20 10:10:41,198 INFO  mydomainsocket.MyAFUNIXServer.main(43) - server: AFUNIXServerSocket[/data/opt/ipc_tmp/ipc_tmp.txt]
2019-03-20 10:10:45,345 INFO  mydomainsocket.MyAFUNIXServer.main(60) - Waiting for connection...
2019-03-20 10:13:56,909 INFO  mydomainsocket.MyAFUNIXServer.main(29) - MyAFUNIXServer Start...
2019-03-20 10:14:08,136 INFO  mydomainsocket.MyAFUNIXServer.main(43) - server: AFUNIXServerSocket[/data/opt/ipc_tmp/ipc_tmp.txt]
2019-03-20 10:16:41,447 INFO  mydomainsocket.MyAFUNIXServer.main(29) - MyAFUNIXServer Start...
2019-03-20 10:16:47,289 INFO  mydomainsocket.MyAFUNIXServer.main(43) - server: AFUNIXServerSocket[/data/opt/ipc_tmp/ipc_tmp.txt]
2019-03-20 10:17:43,399 INFO  mydomainsocket.MyAFUNIXServer.main(29) - MyAFUNIXServer Start...
2019-03-20 10:17:43,410 INFO  mydomainsocket.MyAFUNIXServer.main(43) - server: AFUNIXServerSocket[/data/opt/ipc_tmp/ipc_tmp.txt]
2019-03-20 10:17:47,606 INFO  mydomainsocket.MyAFUNIXServer.main(60) - Waiting for connection...
2019-03-20 10:19:15,768 INFO  mydomainsocket.MyAFUNIXServer.main(62) - Connected: AFUNIXSocket[fd=java.io.FileDescriptor@1e160a9e;path=/data/opt/ipc_tmp/ipc_tmp.txt]
2019-03-20 10:19:15,770 INFO  mydomainsocket.MyAFUNIXServer.main(80) - msgFromClient: >>>Calling for stanford!<<<
2019-03-20 10:19:15,927 INFO  mydomainsocket.MyAFUNIXServer.main(94) - msgToClient: >>>Calling/NN for/P stanford!/NN <<<
2019-03-20 10:19:15,927 INFO  mydomainsocket.MyAFUNIXServer.main(100) - The socket client is closed. sock:AFUNIXSocket[fd=java.io.FileDescriptor@1e160a9e;path=/data/opt/ipc_tmp/ipc_tmp.txt]
2019-03-20 10:19:15,931 INFO  mydomainsocket.MyAFUNIXServer.main(60) - Waiting for connection...
2019-03-20 10:20:37,191 INFO  mydomainsocket.MyAFUNIXServer.main(62) - Connected: AFUNIXSocket[fd=java.io.FileDescriptor@f252762;path=/data/opt/ipc_tmp/ipc_tmp.txt]
2019-03-20 10:20:37,192 INFO  mydomainsocket.MyAFUNIXServer.main(80) - msgFromClient: >>>你好 我是小魔女<<<
2019-03-20 10:20:37,212 INFO  mydomainsocket.MyAFUNIXServer.main(94) - msgToClient: >>>你好/VV 我是小魔女/NN <<<
2019-03-20 10:20:37,227 INFO  mydomainsocket.MyAFUNIXServer.main(100) - The socket client is closed. sock:AFUNIXSocket[fd=java.io.FileDescriptor@f252762;path=/data/opt/ipc_tmp/ipc_tmp.txt]
2019-03-20 10:20:37,230 INFO  mydomainsocket.MyAFUNIXServer.main(60) - Waiting for connection...
2019-03-20 11:00:20,192 INFO  mydomainsocket.MyAFUNIXServer.main(29) - MyAFUNIXServer Start...
2019-03-20 11:00:20,202 INFO  mydomainsocket.MyAFUNIXServer.main(43) - server: AFUNIXServerSocket[/data/opt/ipc_tmp/ipc_tmp.txt]
2019-03-20 11:00:24,414 INFO  mydomainsocket.MyAFUNIXServer.main(61) - Waiting for connection...
